<?xml version="1.0" encoding="UTF-8"?>
<!-- Generated by org.testng.reporters.JUnitReportReporter -->
<testsuite hostname="FAM006662" failures="0" tests="6" name="userRequestTest" time="7.755" errors="0" timestamp="24 Oct 2024 03:38:36 GMT" skipped="0">
  <testcase classname="userRequestTest" name="createUser" time="1.310"/>
  <testcase classname="userRequestTest" name="getUser" time="1.276"/>
  <testcase classname="userRequestTest" name="updateUser" time="1.314"/>
  <testcase classname="userRequestTest" name="loginUser" time="1.221"/>
  <testcase classname="userRequestTest" name="deleteUser" time="1.303"/>
  <testcase classname="userRequestTest" name="logoutUser" time="1.331"/>
</testsuite> <!-- userRequestTest -->
